Flow report for VHDL
Tue Apr 24 13:17:52 2018
Quartus II 64-Bit Version 13.0.1 Build 232 06/12/2013 Service Pack 1 SJ Full Version


---------------------
; Table of Contents ;
---------------------
  1. Legal Notice
  2. Flow Summary
  3. Flow Settings
  4. Flow Non-Default Global Settings
  5. Flow Elapsed Time
  6. Flow OS Summary
  7. Flow Log
  8. Flow Messages
  9. Flow Suppressed Messages



----------------
; Legal Notice ;
----------------
Copyright (C) 1991-2013 Altera Corporation
Your use of Altera Corporation's design tools, logic functions 
and other software and tools, and its AMPP partner logic 
functions, and any output files from any of the foregoing 
(including device programming or simulation files), and any 
associated documentation or information are expressly subject 
to the terms and conditions of the Altera Program License 
Subscription Agreement, Altera MegaCore Function License 
Agreement, or other applicable license agreement, including, 
without limitation, that your use is for the sole purpose of 
programming logic devices manufactured by Altera and sold by 
Altera or its authorized distributors.  Please refer to the 
applicable agreement for further details.



+---------------------------------------------------------------------------------------+
; Flow Summary                                                                          ;
+------------------------------------+--------------------------------------------------+
; Flow Status                        ; Successful - Tue Apr 24 13:17:52 2018            ;
; Quartus II 64-Bit Version          ; 13.0.1 Build 232 06/12/2013 SP 1 SJ Full Version ;
; Revision Name                      ; VHDL                                             ;
; Top-level Entity Name              ; IP                                               ;
; Family                             ; Cyclone II                                       ;
; Device                             ; EP2C35F672C6                                     ;
; Timing Models                      ; Final                                            ;
; Total logic elements               ; 421 / 33,216 ( 1 % )                             ;
;     Total combinational functions  ; 398 / 33,216 ( 1 % )                             ;
;     Dedicated logic registers      ; 170 / 33,216 ( < 1 % )                           ;
; Total registers                    ; 170                                              ;
; Total pins                         ; 18 / 475 ( 4 % )                                 ;
; Total virtual pins                 ; 0                                                ;
; Total memory bits                  ; 0 / 483,840 ( 0 % )                              ;
; Embedded Multiplier 9-bit elements ; 0 / 70 ( 0 % )                                   ;
; Total PLLs                         ; 0 / 4 ( 0 % )                                    ;
+------------------------------------+--------------------------------------------------+


+-----------------------------------------+
; Flow Settings                           ;
+-------------------+---------------------+
; Option            ; Setting             ;
+-------------------+---------------------+
; Start date & time ; 04/24/2018 13:10:20 ;
; Main task         ; Compilation         ;
; Revision Name     ; VHDL                ;
+-------------------+---------------------+


+----------------------------------------------------------------------------------------------------------------------------+
; Flow Non-Default Global Settings                                                                                           ;
+-------------------------------------+---------------------------------------+---------------+-------------+----------------+
; Assignment Name                     ; Value                                 ; Default Value ; Entity Name ; Section Id     ;
+-------------------------------------+---------------------------------------+---------------+-------------+----------------+
; COMPILER_SIGNATURE_ID               ; 109952941739316.152456821901246       ; --            ; --          ; --             ;
; EDA_OUTPUT_DATA_FORMAT              ; Vhdl                                  ; --            ; --          ; eda_simulation ;
; EDA_SIMULATION_TOOL                 ; ModelSim-Altera (VHDL)                ; <None>        ; --          ; --             ;
; MAX_CORE_JUNCTION_TEMP              ; 85                                    ; --            ; --          ; --             ;
; MIN_CORE_JUNCTION_TEMP              ; 0                                     ; --            ; --          ; --             ;
; PARTITION_COLOR                     ; 16764057                              ; --            ; IP          ; Top            ;
; PARTITION_FITTER_PRESERVATION_LEVEL ; PLACEMENT_AND_ROUTING                 ; --            ; IP          ; Top            ;
; PARTITION_NETLIST_TYPE              ; SOURCE                                ; --            ; IP          ; Top            ;
; POWER_BOARD_THERMAL_MODEL           ; None (CONSERVATIVE)                   ; --            ; --          ; --             ;
; POWER_PRESET_COOLING_SOLUTION       ; 23 MM HEAT SINK WITH 200 LFPM AIRFLOW ; --            ; --          ; --             ;
; PROJECT_OUTPUT_DIRECTORY            ; output_files                          ; --            ; --          ; --             ;
; TOP_LEVEL_ENTITY                    ; IP                                    ; VHDL          ; --          ; --             ;
+-------------------------------------+---------------------------------------+---------------+-------------+----------------+


+-------------------------------------------------------------------------------------------------------------------------------+
; Flow Elapsed Time                                                                                                             ;
+---------------------------+--------------+-------------------------+---------------------+------------------------------------+
; Module Name               ; Elapsed Time ; Average Processors Used ; Peak Virtual Memory ; Total CPU Time (on all processors) ;
+---------------------------+--------------+-------------------------+---------------------+------------------------------------+
; Analysis & Synthesis      ; 00:00:03     ; 1.0                     ; 612 MB              ; 00:00:02                           ;
; Fitter                    ; 00:00:07     ; 1.1                     ; 758 MB              ; 00:00:07                           ;
; Assembler                 ; 00:00:03     ; 1.0                     ; 556 MB              ; 00:00:02                           ;
; TimeQuest Timing Analyzer ; 00:00:01     ; 1.0                     ; 523 MB              ; 00:00:01                           ;
; EDA Netlist Writer        ; 00:00:01     ; 1.0                     ; 802 MB              ; 00:00:01                           ;
; Total                     ; 00:00:15     ; --                      ; --                  ; 00:00:13                           ;
+---------------------------+--------------+-------------------------+---------------------+------------------------------------+


+-----------------------------------------------------------------------------------------+
; Flow OS Summary                                                                         ;
+---------------------------+------------------+------------+------------+----------------+
; Module Name               ; Machine Hostname ; OS Name    ; OS Version ; Processor type ;
+---------------------------+------------------+------------+------------+----------------+
; Analysis & Synthesis      ; pc4022           ; Linux Mint ; 17         ; x86_64         ;
; Fitter                    ; pc4022           ; Linux Mint ; 17         ; x86_64         ;
; Assembler                 ; pc4022           ; Linux Mint ; 17         ; x86_64         ;
; TimeQuest Timing Analyzer ; pc4022           ; Linux Mint ; 17         ; x86_64         ;
; EDA Netlist Writer        ; pc4022           ; Linux Mint ; 17         ; x86_64         ;
+---------------------------+------------------+------------+------------+----------------+


------------
; Flow Log ;
------------
quartus_map --read_settings_files=on --write_settings_files=off VHDL -c VHDL
quartus_fit --read_settings_files=off --write_settings_files=off VHDL -c VHDL
quartus_asm --read_settings_files=off --write_settings_files=off VHDL -c VHDL
quartus_sta VHDL -c VHDL
quartus_eda --read_settings_files=off --write_settings_files=off VHDL -c VHDL



