Analysis & Synthesis report for VHDL
Tue Apr 24 13:10:23 2018
Quartus II 64-Bit Version 13.0.1 Build 232 06/12/2013 Service Pack 1 SJ Full Version


---------------------
; Table of Contents ;
---------------------
  1. Legal Notice
  2. Analysis & Synthesis Summary
  3. Analysis & Synthesis Settings
  4. Parallel Compilation
  5. Analysis & Synthesis Source Files Read
  6. Analysis & Synthesis Resource Usage Summary
  7. Analysis & Synthesis Resource Utilization by Entity
  8. State Machine - |IP|decoder:C1|SERVO:C7|State
  9. State Machine - |IP|decoder:C1|SERVO:C6|State
 10. State Machine - |IP|decoder:C1|SERVO:C5|State
 11. State Machine - |IP|decoder:C1|MAE_servo:C1|EtatPresent
 12. State Machine - |IP|IPUart:C0|reception:C1|MAE_reception:C1|EtatPresent
 13. State Machine - |IP|IPUart:C0|emission:C0|MAE_emission:C1|EtatPresent
 14. Registers Removed During Synthesis
 15. Removed Registers Triggering Further Register Optimizations
 16. General Register Statistics
 17. Multiplexer Restructuring Statistics (Restructuring Performed)
 18. Parameter Settings for User Entity Instance: decoder:C1|FDIV:C0
 19. Port Connectivity Checks: "decoder:C1|MAE_servo:C1"
 20. Port Connectivity Checks: "IPUart:C0"
 21. Elapsed Time Per Partition
 22. Analysis & Synthesis Messages



----------------
; Legal Notice ;
----------------
Copyright (C) 1991-2013 Altera Corporation
Your use of Altera Corporation's design tools, logic functions 
and other software and tools, and its AMPP partner logic 
functions, and any output files from any of the foregoing 
(including device programming or simulation files), and any 
associated documentation or information are expressly subject 
to the terms and conditions of the Altera Program License 
Subscription Agreement, Altera MegaCore Function License 
Agreement, or other applicable license agreement, including, 
without limitation, that your use is for the sole purpose of 
programming logic devices manufactured by Altera and sold by 
Altera or its authorized distributors.  Please refer to the 
applicable agreement for further details.



+---------------------------------------------------------------------------------------+
; Analysis & Synthesis Summary                                                          ;
+------------------------------------+--------------------------------------------------+
; Analysis & Synthesis Status        ; Successful - Tue Apr 24 13:10:23 2018            ;
; Quartus II 64-Bit Version          ; 13.0.1 Build 232 06/12/2013 SP 1 SJ Full Version ;
; Revision Name                      ; VHDL                                             ;
; Top-level Entity Name              ; IP                                               ;
; Family                             ; Cyclone II                                       ;
; Total logic elements               ; 439                                              ;
;     Total combinational functions  ; 398                                              ;
;     Dedicated logic registers      ; 170                                              ;
; Total registers                    ; 170                                              ;
; Total pins                         ; 18                                               ;
; Total virtual pins                 ; 0                                                ;
; Total memory bits                  ; 0                                                ;
; Embedded Multiplier 9-bit elements ; 0                                                ;
; Total PLLs                         ; 0                                                ;
+------------------------------------+--------------------------------------------------+


+----------------------------------------------------------------------------------------------------------------------+
; Analysis & Synthesis Settings                                                                                        ;
+----------------------------------------------------------------------------+--------------------+--------------------+
; Option                                                                     ; Setting            ; Default Value      ;
+----------------------------------------------------------------------------+--------------------+--------------------+
; Device                                                                     ; EP2C35F672C6       ;                    ;
; Top-level entity name                                                      ; IP                 ; VHDL               ;
; Family name                                                                ; Cyclone II         ; Cyclone IV GX      ;
; Use smart compilation                                                      ; Off                ; Off                ;
; Enable parallel Assembler and TimeQuest Timing Analyzer during compilation ; On                 ; On                 ;
; Enable compact report table                                                ; Off                ; Off                ;
; Restructure Multiplexers                                                   ; Auto               ; Auto               ;
; Create Debugging Nodes for IP Cores                                        ; Off                ; Off                ;
; Preserve fewer node names                                                  ; On                 ; On                 ;
; Disable OpenCore Plus hardware evaluation                                  ; Off                ; Off                ;
; Verilog Version                                                            ; Verilog_2001       ; Verilog_2001       ;
; VHDL Version                                                               ; VHDL_1993          ; VHDL_1993          ;
; State Machine Processing                                                   ; Auto               ; Auto               ;
; Safe State Machine                                                         ; Off                ; Off                ;
; Extract Verilog State Machines                                             ; On                 ; On                 ;
; Extract VHDL State Machines                                                ; On                 ; On                 ;
; Ignore Verilog initial constructs                                          ; Off                ; Off                ;
; Iteration limit for constant Verilog loops                                 ; 5000               ; 5000               ;
; Iteration limit for non-constant Verilog loops                             ; 250                ; 250                ;
; Add Pass-Through Logic to Inferred RAMs                                    ; On                 ; On                 ;
; Infer RAMs from Raw Logic                                                  ; On                 ; On                 ;
; Parallel Synthesis                                                         ; On                 ; On                 ;
; DSP Block Balancing                                                        ; Auto               ; Auto               ;
; NOT Gate Push-Back                                                         ; On                 ; On                 ;
; Power-Up Don't Care                                                        ; On                 ; On                 ;
; Remove Redundant Logic Cells                                               ; Off                ; Off                ;
; Remove Duplicate Registers                                                 ; On                 ; On                 ;
; Ignore CARRY Buffers                                                       ; Off                ; Off                ;
; Ignore CASCADE Buffers                                                     ; Off                ; Off                ;
; Ignore GLOBAL Buffers                                                      ; Off                ; Off                ;
; Ignore ROW GLOBAL Buffers                                                  ; Off                ; Off                ;
; Ignore LCELL Buffers                                                       ; Off                ; Off                ;
; Ignore SOFT Buffers                                                        ; On                 ; On                 ;
; Limit AHDL Integers to 32 Bits                                             ; Off                ; Off                ;
; Optimization Technique                                                     ; Balanced           ; Balanced           ;
; Carry Chain Length                                                         ; 70                 ; 70                 ;
; Auto Carry Chains                                                          ; On                 ; On                 ;
; Auto Open-Drain Pins                                                       ; On                 ; On                 ;
; Perform WYSIWYG Primitive Resynthesis                                      ; Off                ; Off                ;
; Auto ROM Replacement                                                       ; On                 ; On                 ;
; Auto RAM Replacement                                                       ; On                 ; On                 ;
; Auto Shift Register Replacement                                            ; Auto               ; Auto               ;
; Allow Shift Register Merging across Hierarchies                            ; Auto               ; Auto               ;
; Auto Clock Enable Replacement                                              ; On                 ; On                 ;
; Strict RAM Replacement                                                     ; Off                ; Off                ;
; Allow Synchronous Control Signals                                          ; On                 ; On                 ;
; Force Use of Synchronous Clear Signals                                     ; Off                ; Off                ;
; Auto RAM to Logic Cell Conversion                                          ; Off                ; Off                ;
; Auto Resource Sharing                                                      ; Off                ; Off                ;
; Allow Any RAM Size For Recognition                                         ; Off                ; Off                ;
; Allow Any ROM Size For Recognition                                         ; Off                ; Off                ;
; Allow Any Shift Register Size For Recognition                              ; Off                ; Off                ;
; Use LogicLock Constraints during Resource Balancing                        ; On                 ; On                 ;
; Ignore translate_off and synthesis_off directives                          ; Off                ; Off                ;
; Timing-Driven Synthesis                                                    ; Off                ; Off                ;
; Report Parameter Settings                                                  ; On                 ; On                 ;
; Report Source Assignments                                                  ; On                 ; On                 ;
; Report Connectivity Checks                                                 ; On                 ; On                 ;
; Ignore Maximum Fan-Out Assignments                                         ; Off                ; Off                ;
; Synchronization Register Chain Length                                      ; 2                  ; 2                  ;
; PowerPlay Power Optimization                                               ; Normal compilation ; Normal compilation ;
; HDL message level                                                          ; Level2             ; Level2             ;
; Suppress Register Optimization Related Messages                            ; Off                ; Off                ;
; Number of Removed Registers Reported in Synthesis Report                   ; 5000               ; 5000               ;
; Number of Swept Nodes Reported in Synthesis Report                         ; 5000               ; 5000               ;
; Number of Inverted Registers Reported in Synthesis Report                  ; 100                ; 100                ;
; Clock MUX Protection                                                       ; On                 ; On                 ;
; Auto Gated Clock Conversion                                                ; Off                ; Off                ;
; Block Design Naming                                                        ; Auto               ; Auto               ;
; SDC constraint protection                                                  ; Off                ; Off                ;
; Synthesis Effort                                                           ; Auto               ; Auto               ;
; Shift Register Replacement - Allow Asynchronous Clear Signal               ; On                 ; On                 ;
; Pre-Mapping Resynthesis Optimization                                       ; Off                ; Off                ;
; Analysis & Synthesis Message Level                                         ; Medium             ; Medium             ;
; Disable Register Merging Across Hierarchies                                ; Auto               ; Auto               ;
; Resource Aware Inference For Block RAM                                     ; On                 ; On                 ;
; Synthesis Seed                                                             ; 1                  ; 1                  ;
+----------------------------------------------------------------------------+--------------------+--------------------+


+------------------------------------------+
; Parallel Compilation                     ;
+----------------------------+-------------+
; Processors                 ; Number      ;
+----------------------------+-------------+
; Number detected on machine ; 4           ;
; Maximum allowed            ; 2           ;
;                            ;             ;
; Average used               ; 1.00        ;
; Maximum used               ; 1           ;
;                            ;             ;
; Usage by Processor         ; % Time Used ;
;     Processor 1            ; 100.0%      ;
;     Processors 2-4         ;   0.0%      ;
+----------------------------+-------------+


+----------------------------------------------------------------------------------------------------------------------------------------------------------------------------------+
; Analysis & Synthesis Source Files Read                                                                                                                                           ;
+----------------------------------+-----------------+-----------------+-------------------------------------------------------------------------------------------------+---------+
; File Name with User-Entered Path ; Used in Netlist ; File Type       ; File Name with Absolute Path                                                                    ; Library ;
+----------------------------------+-----------------+-----------------+-------------------------------------------------------------------------------------------------+---------+
; ../Source/servo.vhd              ; yes             ; User VHDL File  ; /nfs/home/sasl/eleves/ei-se/3413954/Bureau/Projet_VHDL_UART_Servo/Source/servo.vhd              ;         ;
; ../Source/reception.vhd          ; yes             ; User VHDL File  ; /nfs/home/sasl/eleves/ei-se/3413954/Bureau/Projet_VHDL_UART_Servo/Source/reception.vhd          ;         ;
; ../Source/MAE_servo.vhd          ; yes             ; User VHDL File  ; /nfs/home/sasl/eleves/ei-se/3413954/Bureau/Projet_VHDL_UART_Servo/Source/MAE_servo.vhd          ;         ;
; ../Source/MAE_reception.vhd      ; yes             ; User VHDL File  ; /nfs/home/sasl/eleves/ei-se/3413954/Bureau/Projet_VHDL_UART_Servo/Source/MAE_reception.vhd      ;         ;
; ../Source/MAE_emission.vhd       ; yes             ; User VHDL File  ; /nfs/home/sasl/eleves/ei-se/3413954/Bureau/Projet_VHDL_UART_Servo/Source/MAE_emission.vhd       ;         ;
; ../Source/IPUart.vhd             ; yes             ; User VHDL File  ; /nfs/home/sasl/eleves/ei-se/3413954/Bureau/Projet_VHDL_UART_Servo/Source/IPUart.vhd             ;         ;
; ../Source/IP.vhd                 ; yes             ; User VHDL File  ; /nfs/home/sasl/eleves/ei-se/3413954/Bureau/Projet_VHDL_UART_Servo/Source/IP.vhd                 ;         ;
; ../Source/fdiv.vhd               ; yes             ; User VHDL File  ; /nfs/home/sasl/eleves/ei-se/3413954/Bureau/Projet_VHDL_UART_Servo/Source/fdiv.vhd               ;         ;
; ../Source/emission.vhd           ; yes             ; User VHDL File  ; /nfs/home/sasl/eleves/ei-se/3413954/Bureau/Projet_VHDL_UART_Servo/Source/emission.vhd           ;         ;
; ../Source/diviseur_reception.vhd ; yes             ; User VHDL File  ; /nfs/home/sasl/eleves/ei-se/3413954/Bureau/Projet_VHDL_UART_Servo/Source/diviseur_reception.vhd ;         ;
; ../Source/diviseur_emission.vhd  ; yes             ; User VHDL File  ; /nfs/home/sasl/eleves/ei-se/3413954/Bureau/Projet_VHDL_UART_Servo/Source/diviseur_emission.vhd  ;         ;
; ../Source/decoder.vhd            ; yes             ; User VHDL File  ; /nfs/home/sasl/eleves/ei-se/3413954/Bureau/Projet_VHDL_UART_Servo/Source/decoder.vhd            ;         ;
; ../Source/converter.vhd          ; yes             ; User VHDL File  ; /nfs/home/sasl/eleves/ei-se/3413954/Bureau/Projet_VHDL_UART_Servo/Source/converter.vhd          ;         ;
+----------------------------------+-----------------+-----------------+-------------------------------------------------------------------------------------------------+---------+


+-----------------------------------------------------+
; Analysis & Synthesis Resource Usage Summary         ;
+---------------------------------------------+-------+
; Resource                                    ; Usage ;
+---------------------------------------------+-------+
; Estimated Total logic elements              ; 439   ;
;                                             ;       ;
; Total combinational functions               ; 398   ;
; Logic element usage by number of LUT inputs ;       ;
;     -- 4 input functions                    ; 144   ;
;     -- 3 input functions                    ; 89    ;
;     -- <=2 input functions                  ; 165   ;
;                                             ;       ;
; Logic elements by mode                      ;       ;
;     -- normal mode                          ; 270   ;
;     -- arithmetic mode                      ; 128   ;
;                                             ;       ;
; Total registers                             ; 170   ;
;     -- Dedicated logic registers            ; 170   ;
;     -- I/O registers                        ; 0     ;
;                                             ;       ;
; I/O pins                                    ; 18    ;
; Embedded Multiplier 9-bit elements          ; 0     ;
; Maximum fan-out node                        ; clk   ;
; Maximum fan-out                             ; 170   ;
; Total fan-out                               ; 1780  ;
; Average fan-out                             ; 3.04  ;
+---------------------------------------------+-------+


+----------------------------------------------------------------------------------------------------------------------------------------------------------------------------------------------------------------+
; Analysis & Synthesis Resource Utilization by Entity                                                                                                                                                            ;
+----------------------------------+-------------------+--------------+-------------+--------------+---------+-----------+------+--------------+--------------------------------------------------+--------------+
; Compilation Hierarchy Node       ; LC Combinationals ; LC Registers ; Memory Bits ; DSP Elements ; DSP 9x9 ; DSP 18x18 ; Pins ; Virtual Pins ; Full Hierarchy Name                              ; Library Name ;
+----------------------------------+-------------------+--------------+-------------+--------------+---------+-----------+------+--------------+--------------------------------------------------+--------------+
; |IP                              ; 398 (0)           ; 170 (0)      ; 0           ; 0            ; 0       ; 0         ; 18   ; 0            ; |IP                                              ; work         ;
;    |IPUart:C0|                   ; 120 (0)           ; 67 (0)       ; 0           ; 0            ; 0       ; 0         ; 0    ; 0            ; |IP|IPUart:C0                                    ; work         ;
;       |reception:C1|             ; 120 (0)           ; 67 (0)       ; 0           ; 0            ; 0       ; 0         ; 0    ; 0            ; |IP|IPUart:C0|reception:C1                       ; work         ;
;          |MAE_reception:C1|      ; 106 (106)         ; 59 (59)      ; 0           ; 0            ; 0       ; 0         ; 0    ; 0            ; |IP|IPUart:C0|reception:C1|MAE_reception:C1      ; work         ;
;          |diviseur_reception:C0| ; 14 (14)           ; 8 (8)        ; 0           ; 0            ; 0       ; 0         ; 0    ; 0            ; |IP|IPUart:C0|reception:C1|diviseur_reception:C0 ; work         ;
;    |decoder:C1|                  ; 278 (0)           ; 103 (0)      ; 0           ; 0            ; 0       ; 0         ; 0    ; 0            ; |IP|decoder:C1                                   ; work         ;
;       |FDIV:C0|                  ; 16 (16)           ; 10 (10)      ; 0           ; 0            ; 0       ; 0         ; 0    ; 0            ; |IP|decoder:C1|FDIV:C0                           ; work         ;
;       |MAE_servo:C1|             ; 40 (40)           ; 51 (51)      ; 0           ; 0            ; 0       ; 0         ; 0    ; 0            ; |IP|decoder:C1|MAE_servo:C1                      ; work         ;
;       |SERVO:C5|                 ; 47 (47)           ; 14 (14)      ; 0           ; 0            ; 0       ; 0         ; 0    ; 0            ; |IP|decoder:C1|SERVO:C5                          ; work         ;
;       |SERVO:C6|                 ; 47 (47)           ; 14 (14)      ; 0           ; 0            ; 0       ; 0         ; 0    ; 0            ; |IP|decoder:C1|SERVO:C6                          ; work         ;
;       |SERVO:C7|                 ; 47 (47)           ; 14 (14)      ; 0           ; 0            ; 0       ; 0         ; 0    ; 0            ; |IP|decoder:C1|SERVO:C7                          ; work         ;
;       |converter:C2|             ; 27 (27)           ; 0 (0)        ; 0           ; 0            ; 0       ; 0         ; 0    ; 0            ; |IP|decoder:C1|converter:C2                      ; work         ;
;       |converter:C3|             ; 27 (27)           ; 0 (0)        ; 0           ; 0            ; 0       ; 0         ; 0    ; 0            ; |IP|decoder:C1|converter:C3                      ; work         ;
;       |converter:C4|             ; 27 (27)           ; 0 (0)        ; 0           ; 0            ; 0       ; 0         ; 0    ; 0            ; |IP|decoder:C1|converter:C4                      ; work         ;
+----------------------------------+-------------------+--------------+-------------+--------------+---------+-----------+------+--------------+--------------------------------------------------+--------------+
Note: For table entries with two numbers listed, the numbers in parentheses indicate the number of resources of the given type used by the specific entity alone. The numbers listed outside of parentheses indicate the total resources of the given type used by the specific entity and all of its sub-entities in the hierarchy.


Encoding Type:  One-Hot
+-------------------------------------------------------------------+
; State Machine - |IP|decoder:C1|SERVO:C7|State                     ;
+-------------+-------------+-------------+------------+------------+
; Name        ; State.Relax ; State.Pulse ; State.Init ; State.Idle ;
+-------------+-------------+-------------+------------+------------+
; State.Idle  ; 0           ; 0           ; 0          ; 0          ;
; State.Init  ; 0           ; 0           ; 1          ; 1          ;
; State.Pulse ; 0           ; 1           ; 0          ; 1          ;
; State.Relax ; 1           ; 0           ; 0          ; 1          ;
+-------------+-------------+-------------+------------+------------+


Encoding Type:  One-Hot
+-------------------------------------------------------------------+
; State Machine - |IP|decoder:C1|SERVO:C6|State                     ;
+-------------+-------------+-------------+------------+------------+
; Name        ; State.Relax ; State.Pulse ; State.Init ; State.Idle ;
+-------------+-------------+-------------+------------+------------+
; State.Idle  ; 0           ; 0           ; 0          ; 0          ;
; State.Init  ; 0           ; 0           ; 1          ; 1          ;
; State.Pulse ; 0           ; 1           ; 0          ; 1          ;
; State.Relax ; 1           ; 0           ; 0          ; 1          ;
+-------------+-------------+-------------+------------+------------+


Encoding Type:  One-Hot
+-------------------------------------------------------------------+
; State Machine - |IP|decoder:C1|SERVO:C5|State                     ;
+-------------+-------------+-------------+------------+------------+
; Name        ; State.Relax ; State.Pulse ; State.Init ; State.Idle ;
+-------------+-------------+-------------+------------+------------+
; State.Idle  ; 0           ; 0           ; 0          ; 0          ;
; State.Init  ; 0           ; 0           ; 1          ; 1          ;
; State.Pulse ; 0           ; 1           ; 0          ; 1          ;
; State.Relax ; 1           ; 0           ; 0          ; 1          ;
+-------------+-------------+-------------+------------+------------+


Encoding Type:  One-Hot
+-----------------------------------------------------------------------------------------------------------------------------------------------------------------------------------+
; State Machine - |IP|decoder:C1|MAE_servo:C1|EtatPresent                                                                                                                           ;
+-------------------+-------------------+-------------------+-------------------+-------------------+-------------------+-------------------+-------------------+-------------------+
; Name              ; EtatPresent.Etat7 ; EtatPresent.Etat6 ; EtatPresent.Etat5 ; EtatPresent.Etat4 ; EtatPresent.Etat3 ; EtatPresent.Etat2 ; EtatPresent.Etat1 ; EtatPresent.Etat0 ;
+-------------------+-------------------+-------------------+-------------------+-------------------+-------------------+-------------------+-------------------+-------------------+
; EtatPresent.Etat0 ; 0                 ; 0                 ; 0                 ; 0                 ; 0                 ; 0                 ; 0                 ; 0                 ;
; EtatPresent.Etat1 ; 0                 ; 0                 ; 0                 ; 0                 ; 0                 ; 0                 ; 1                 ; 1                 ;
; EtatPresent.Etat2 ; 0                 ; 0                 ; 0                 ; 0                 ; 0                 ; 1                 ; 0                 ; 1                 ;
; EtatPresent.Etat3 ; 0                 ; 0                 ; 0                 ; 0                 ; 1                 ; 0                 ; 0                 ; 1                 ;
; EtatPresent.Etat4 ; 0                 ; 0                 ; 0                 ; 1                 ; 0                 ; 0                 ; 0                 ; 1                 ;
; EtatPresent.Etat5 ; 0                 ; 0                 ; 1                 ; 0                 ; 0                 ; 0                 ; 0                 ; 1                 ;
; EtatPresent.Etat6 ; 0                 ; 1                 ; 0                 ; 0                 ; 0                 ; 0                 ; 0                 ; 1                 ;
; EtatPresent.Etat7 ; 1                 ; 0                 ; 0                 ; 0                 ; 0                 ; 0                 ; 0                 ; 1                 ;
+-------------------+-------------------+-------------------+-------------------+-------------------+-------------------+-------------------+-------------------+-------------------+


Encoding Type:  One-Hot
+---------------------------------------------------------------------------------------------------------------------------------------------------------------------------------------------------------------------------+
; State Machine - |IP|IPUart:C0|reception:C1|MAE_reception:C1|EtatPresent                                                                                                                                                   ;
+-------------------+-------------------+-------------------+-------------------+-------------------+-------------------+-------------------+-------------------+-------------------+-------------------+-------------------+
; Name              ; EtatPresent.Etat9 ; EtatPresent.Etat8 ; EtatPresent.Etat7 ; EtatPresent.Etat6 ; EtatPresent.Etat5 ; EtatPresent.Etat4 ; EtatPresent.Etat3 ; EtatPresent.Etat2 ; EtatPresent.Etat1 ; EtatPresent.Etat0 ;
+-------------------+-------------------+-------------------+-------------------+-------------------+-------------------+-------------------+-------------------+-------------------+-------------------+-------------------+
; EtatPresent.Etat0 ; 0                 ; 0                 ; 0                 ; 0                 ; 0                 ; 0                 ; 0                 ; 0                 ; 0                 ; 0                 ;
; EtatPresent.Etat1 ; 0                 ; 0                 ; 0                 ; 0                 ; 0                 ; 0                 ; 0                 ; 0                 ; 1                 ; 1                 ;
; EtatPresent.Etat2 ; 0                 ; 0                 ; 0                 ; 0                 ; 0                 ; 0                 ; 0                 ; 1                 ; 0                 ; 1                 ;
; EtatPresent.Etat3 ; 0                 ; 0                 ; 0                 ; 0                 ; 0                 ; 0                 ; 1                 ; 0                 ; 0                 ; 1                 ;
; EtatPresent.Etat4 ; 0                 ; 0                 ; 0                 ; 0                 ; 0                 ; 1                 ; 0                 ; 0                 ; 0                 ; 1                 ;
; EtatPresent.Etat5 ; 0                 ; 0                 ; 0                 ; 0                 ; 1                 ; 0                 ; 0                 ; 0                 ; 0                 ; 1                 ;
; EtatPresent.Etat6 ; 0                 ; 0                 ; 0                 ; 1                 ; 0                 ; 0                 ; 0                 ; 0                 ; 0                 ; 1                 ;
; EtatPresent.Etat7 ; 0                 ; 0                 ; 1                 ; 0                 ; 0                 ; 0                 ; 0                 ; 0                 ; 0                 ; 1                 ;
; EtatPresent.Etat8 ; 0                 ; 1                 ; 0                 ; 0                 ; 0                 ; 0                 ; 0                 ; 0                 ; 0                 ; 1                 ;
; EtatPresent.Etat9 ; 1                 ; 0                 ; 0                 ; 0                 ; 0                 ; 0                 ; 0                 ; 0                 ; 0                 ; 1                 ;
+-------------------+-------------------+-------------------+-------------------+-------------------+-------------------+-------------------+-------------------+-------------------+-------------------+-------------------+


Encoding Type:  One-Hot
+-------------------------------------------------------------------------------+
; State Machine - |IP|IPUart:C0|emission:C0|MAE_emission:C1|EtatPresent         ;
+-------------------+-------------------+-------------------+-------------------+
; Name              ; EtatPresent.Etat2 ; EtatPresent.Etat1 ; EtatPresent.Etat0 ;
+-------------------+-------------------+-------------------+-------------------+
; EtatPresent.Etat0 ; 0                 ; 0                 ; 0                 ;
; EtatPresent.Etat1 ; 0                 ; 1                 ; 1                 ;
; EtatPresent.Etat2 ; 1                 ; 0                 ; 1                 ;
+-------------------+-------------------+-------------------+-------------------+


+-------------------------------------------------------------------------------+
; Registers Removed During Synthesis                                            ;
+----------------------------------------------------------+--------------------+
; Register name                                            ; Reason for Removal ;
+----------------------------------------------------------+--------------------+
; IPUart:C0|emission:C0|MAE_emission:C1|i[0..30]           ; Lost fanout        ;
; IPUart:C0|emission:C0|diviseur_emission:C0|tick          ; Lost fanout        ;
; IPUart:C0|emission:C0|diviseur_emission:C0|counter[0..7] ; Lost fanout        ;
; IPUart:C0|emission:C0|MAE_emission:C1|EtatPresent.Etat0  ; Lost fanout        ;
; IPUart:C0|emission:C0|MAE_emission:C1|EtatPresent.Etat1  ; Lost fanout        ;
; IPUart:C0|emission:C0|MAE_emission:C1|EtatPresent.Etat2  ; Lost fanout        ;
; Total Number of Removed Registers = 43                   ;                    ;
+----------------------------------------------------------+--------------------+


+-----------------------------------------------------------------------------------------------------------------------------+
; Removed Registers Triggering Further Register Optimizations                                                                 ;
+---------------------------------------------+--------------------+----------------------------------------------------------+
; Register name                               ; Reason for Removal ; Registers Removed due to This Register                   ;
+---------------------------------------------+--------------------+----------------------------------------------------------+
; IPUart:C0|emission:C0|MAE_emission:C1|i[30] ; Lost Fanouts       ; IPUart:C0|emission:C0|MAE_emission:C1|i[29],             ;
;                                             ;                    ; IPUart:C0|emission:C0|MAE_emission:C1|i[28],             ;
;                                             ;                    ; IPUart:C0|emission:C0|MAE_emission:C1|i[27],             ;
;                                             ;                    ; IPUart:C0|emission:C0|MAE_emission:C1|i[26],             ;
;                                             ;                    ; IPUart:C0|emission:C0|MAE_emission:C1|i[25],             ;
;                                             ;                    ; IPUart:C0|emission:C0|MAE_emission:C1|i[24],             ;
;                                             ;                    ; IPUart:C0|emission:C0|MAE_emission:C1|i[23],             ;
;                                             ;                    ; IPUart:C0|emission:C0|MAE_emission:C1|i[22],             ;
;                                             ;                    ; IPUart:C0|emission:C0|MAE_emission:C1|i[21],             ;
;                                             ;                    ; IPUart:C0|emission:C0|MAE_emission:C1|i[20],             ;
;                                             ;                    ; IPUart:C0|emission:C0|MAE_emission:C1|i[19],             ;
;                                             ;                    ; IPUart:C0|emission:C0|MAE_emission:C1|i[18],             ;
;                                             ;                    ; IPUart:C0|emission:C0|MAE_emission:C1|i[17],             ;
;                                             ;                    ; IPUart:C0|emission:C0|MAE_emission:C1|i[16],             ;
;                                             ;                    ; IPUart:C0|emission:C0|MAE_emission:C1|i[15],             ;
;                                             ;                    ; IPUart:C0|emission:C0|MAE_emission:C1|i[14],             ;
;                                             ;                    ; IPUart:C0|emission:C0|MAE_emission:C1|i[13],             ;
;                                             ;                    ; IPUart:C0|emission:C0|MAE_emission:C1|i[12],             ;
;                                             ;                    ; IPUart:C0|emission:C0|MAE_emission:C1|i[11],             ;
;                                             ;                    ; IPUart:C0|emission:C0|MAE_emission:C1|i[10],             ;
;                                             ;                    ; IPUart:C0|emission:C0|MAE_emission:C1|i[9],              ;
;                                             ;                    ; IPUart:C0|emission:C0|MAE_emission:C1|i[8],              ;
;                                             ;                    ; IPUart:C0|emission:C0|MAE_emission:C1|i[7],              ;
;                                             ;                    ; IPUart:C0|emission:C0|MAE_emission:C1|i[6],              ;
;                                             ;                    ; IPUart:C0|emission:C0|MAE_emission:C1|i[5],              ;
;                                             ;                    ; IPUart:C0|emission:C0|MAE_emission:C1|i[4],              ;
;                                             ;                    ; IPUart:C0|emission:C0|MAE_emission:C1|i[3],              ;
;                                             ;                    ; IPUart:C0|emission:C0|MAE_emission:C1|i[2],              ;
;                                             ;                    ; IPUart:C0|emission:C0|MAE_emission:C1|i[1],              ;
;                                             ;                    ; IPUart:C0|emission:C0|MAE_emission:C1|i[0],              ;
;                                             ;                    ; IPUart:C0|emission:C0|diviseur_emission:C0|tick,         ;
;                                             ;                    ; IPUart:C0|emission:C0|diviseur_emission:C0|counter[3],   ;
;                                             ;                    ; IPUart:C0|emission:C0|diviseur_emission:C0|counter[2],   ;
;                                             ;                    ; IPUart:C0|emission:C0|diviseur_emission:C0|counter[1],   ;
;                                             ;                    ; IPUart:C0|emission:C0|diviseur_emission:C0|counter[0],   ;
;                                             ;                    ; IPUart:C0|emission:C0|diviseur_emission:C0|counter[4],   ;
;                                             ;                    ; IPUart:C0|emission:C0|diviseur_emission:C0|counter[5],   ;
;                                             ;                    ; IPUart:C0|emission:C0|diviseur_emission:C0|counter[6],   ;
;                                             ;                    ; IPUart:C0|emission:C0|diviseur_emission:C0|counter[7],   ;
;                                             ;                    ; IPUart:C0|emission:C0|MAE_emission:C1|EtatPresent.Etat1, ;
;                                             ;                    ; IPUart:C0|emission:C0|MAE_emission:C1|EtatPresent.Etat2  ;
+---------------------------------------------+--------------------+----------------------------------------------------------+


+------------------------------------------------------+
; General Register Statistics                          ;
+----------------------------------------------+-------+
; Statistic                                    ; Value ;
+----------------------------------------------+-------+
; Total registers                              ; 170   ;
; Number of registers using Synchronous Clear  ; 8     ;
; Number of registers using Synchronous Load   ; 34    ;
; Number of registers using Asynchronous Clear ; 129   ;
; Number of registers using Asynchronous Load  ; 0     ;
; Number of registers using Clock Enable       ; 62    ;
; Number of registers using Preset             ; 0     ;
+----------------------------------------------+-------+


+----------------------------------------------------------------------------------------------------------------------------------------------------------------------+
; Multiplexer Restructuring Statistics (Restructuring Performed)                                                                                                       ;
+--------------------+-----------+---------------+----------------------+------------------------+------------+--------------------------------------------------------+
; Multiplexer Inputs ; Bus Width ; Baseline Area ; Area if Restructured ; Saving if Restructured ; Registered ; Example Multiplexer Output                             ;
+--------------------+-----------+---------------+----------------------+------------------------+------------+--------------------------------------------------------+
; 5:1                ; 8 bits    ; 24 LEs        ; 8 LEs                ; 16 LEs                 ; Yes        ; |IP|decoder:C1|MAE_servo:C1|regValue[5]                ;
; 8:1                ; 2 bits    ; 10 LEs        ; 4 LEs                ; 6 LEs                  ; Yes        ; |IP|decoder:C1|SERVO:C7|Count[0]                       ;
; 8:1                ; 2 bits    ; 10 LEs        ; 4 LEs                ; 6 LEs                  ; Yes        ; |IP|decoder:C1|SERVO:C6|Count[0]                       ;
; 8:1                ; 2 bits    ; 10 LEs        ; 4 LEs                ; 6 LEs                  ; Yes        ; |IP|decoder:C1|SERVO:C5|Count[0]                       ;
; 11:1               ; 6 bits    ; 42 LEs        ; 12 LEs               ; 30 LEs                 ; Yes        ; |IP|decoder:C1|SERVO:C7|Count[7]                       ;
; 11:1               ; 6 bits    ; 42 LEs        ; 12 LEs               ; 30 LEs                 ; Yes        ; |IP|decoder:C1|SERVO:C6|Count[7]                       ;
; 11:1               ; 6 bits    ; 42 LEs        ; 12 LEs               ; 30 LEs                 ; Yes        ; |IP|decoder:C1|SERVO:C5|Count[6]                       ;
; 3:1                ; 31 bits   ; 62 LEs        ; 31 LEs               ; 31 LEs                 ; No         ; |IP|IPUart:C0|reception:C1|MAE_reception:C1|i          ;
; 3:1                ; 31 bits   ; 62 LEs        ; 31 LEs               ; 31 LEs                 ; No         ; |IP|IPUart:C0|emission:C0|MAE_emission:C1|i            ;
; 9:1                ; 2 bits    ; 12 LEs        ; 6 LEs                ; 6 LEs                  ; No         ; |IP|decoder:C1|MAE_servo:C1|Selector17                 ;
; 8:1                ; 2 bits    ; 10 LEs        ; 4 LEs                ; 6 LEs                  ; No         ; |IP|decoder:C1|MAE_servo:C1|Selector19                 ;
; 9:1                ; 2 bits    ; 12 LEs        ; 6 LEs                ; 6 LEs                  ; No         ; |IP|decoder:C1|MAE_servo:C1|Selector16                 ;
; 6:1                ; 2 bits    ; 8 LEs         ; 4 LEs                ; 4 LEs                  ; No         ; |IP|IPUart:C0|reception:C1|MAE_reception:C1|Selector49 ;
; 8:1                ; 2 bits    ; 10 LEs        ; 4 LEs                ; 6 LEs                  ; No         ; |IP|IPUart:C0|reception:C1|MAE_reception:C1|Selector46 ;
+--------------------+-----------+---------------+----------------------+------------------------+------------+--------------------------------------------------------+


+-----------------------------------------------------------------+
; Parameter Settings for User Entity Instance: decoder:C1|FDIV:C0 ;
+----------------+----------+-------------------------------------+
; Parameter Name ; Value    ; Type                                ;
+----------------+----------+-------------------------------------+
; Fclock         ; 60000000 ; Signed Integer                      ;
+----------------+----------+-------------------------------------+
Note: In order to hide this table in the UI and the text report file, please set the "Show Parameter Settings in Synthesis Report" option in "Analysis and Synthesis Settings -> More Settings" to "Off".


+-----------------------------------------------------------------------------------------------------------------------+
; Port Connectivity Checks: "decoder:C1|MAE_servo:C1"                                                                   ;
+-------------+--------+----------+-------------------------------------------------------------------------------------+
; Port        ; Type   ; Severity ; Details                                                                             ;
+-------------+--------+----------+-------------------------------------------------------------------------------------+
; input_error ; Output ; Info     ; Connected to dangling logic. Logic that only feeds a dangling port will be removed. ;
+-------------+--------+----------+-------------------------------------------------------------------------------------+


+--------------------------------------------------------------------------------------------------------------------+
; Port Connectivity Checks: "IPUart:C0"                                                                              ;
+----------+--------+----------+-------------------------------------------------------------------------------------+
; Port     ; Type   ; Severity ; Details                                                                             ;
+----------+--------+----------+-------------------------------------------------------------------------------------+
; tx       ; Output ; Info     ; Connected to dangling logic. Logic that only feeds a dangling port will be removed. ;
; rx_error ; Output ; Info     ; Connected to dangling logic. Logic that only feeds a dangling port will be removed. ;
+----------+--------+----------+-------------------------------------------------------------------------------------+


+-------------------------------+
; Elapsed Time Per Partition    ;
+----------------+--------------+
; Partition Name ; Elapsed Time ;
+----------------+--------------+
; Top            ; 00:00:00     ;
+----------------+--------------+


+-------------------------------+
; Analysis & Synthesis Messages ;
+-------------------------------+
Info: *******************************************************************
Info: Running Quartus II 64-Bit Analysis & Synthesis
    Info: Version 13.0.1 Build 232 06/12/2013 Service Pack 1 SJ Full Version
    Info: Processing started: Tue Apr 24 13:10:19 2018
Info: Command: quartus_map --read_settings_files=on --write_settings_files=off VHDL -c VHDL
Info (11104): Parallel Compilation has detected 4 hyper-threaded processors. However, the extra hyper-threaded processors will not be used by default. Parallel Compilation will use 2 of the 2 physical processors detected instead.
Info (12021): Found 2 design units, including 1 entities, in source file /nfs/home/sasl/eleves/ei-se/3413954/Bureau/Projet_VHDL_UART_Servo/Source/servo.vhd
    Info (12022): Found design unit 1: SERVO-RTL
    Info (12023): Found entity 1: SERVO
Info (12021): Found 2 design units, including 1 entities, in source file /nfs/home/sasl/eleves/ei-se/3413954/Bureau/Projet_VHDL_UART_Servo/Source/reception.vhd
    Info (12022): Found design unit 1: reception-behav
    Info (12023): Found entity 1: reception
Info (12021): Found 2 design units, including 1 entities, in source file /nfs/home/sasl/eleves/ei-se/3413954/Bureau/Projet_VHDL_UART_Servo/Source/MAE_servo.vhd
    Info (12022): Found design unit 1: MAE_servo-behav
    Info (12023): Found entity 1: MAE_servo
Info (12021): Found 2 design units, including 1 entities, in source file /nfs/home/sasl/eleves/ei-se/3413954/Bureau/Projet_VHDL_UART_Servo/Source/MAE_reception.vhd
    Info (12022): Found design unit 1: MAE_reception-behav
    Info (12023): Found entity 1: MAE_reception
Info (12021): Found 2 design units, including 1 entities, in source file /nfs/home/sasl/eleves/ei-se/3413954/Bureau/Projet_VHDL_UART_Servo/Source/MAE_emission.vhd
    Info (12022): Found design unit 1: MAE_emission-behav
    Info (12023): Found entity 1: MAE_emission
Info (12021): Found 2 design units, including 1 entities, in source file /nfs/home/sasl/eleves/ei-se/3413954/Bureau/Projet_VHDL_UART_Servo/Source/IPUart.vhd
    Info (12022): Found design unit 1: IPUart-behav
    Info (12023): Found entity 1: IPUart
Info (12021): Found 2 design units, including 1 entities, in source file /nfs/home/sasl/eleves/ei-se/3413954/Bureau/Projet_VHDL_UART_Servo/Source/IP.vhd
    Info (12022): Found design unit 1: IP-behav
    Info (12023): Found entity 1: IP
Info (12021): Found 2 design units, including 1 entities, in source file /nfs/home/sasl/eleves/ei-se/3413954/Bureau/Projet_VHDL_UART_Servo/Source/fdiv.vhd
    Info (12022): Found design unit 1: FDIV-RTL
    Info (12023): Found entity 1: FDIV
Info (12021): Found 2 design units, including 1 entities, in source file /nfs/home/sasl/eleves/ei-se/3413954/Bureau/Projet_VHDL_UART_Servo/Source/emissionreceptionservo.vhd
    Info (12022): Found design unit 1: emissionreceptionservo-behav
    Info (12023): Found entity 1: emissionreceptionservo
Info (12021): Found 2 design units, including 1 entities, in source file /nfs/home/sasl/eleves/ei-se/3413954/Bureau/Projet_VHDL_UART_Servo/Source/emissionreception.vhd
    Info (12022): Found design unit 1: emissionreception-behav
    Info (12023): Found entity 1: emissionreception
Info (12021): Found 2 design units, including 1 entities, in source file /nfs/home/sasl/eleves/ei-se/3413954/Bureau/Projet_VHDL_UART_Servo/Source/emission.vhd
    Info (12022): Found design unit 1: emission-behav
    Info (12023): Found entity 1: emission
Info (12021): Found 2 design units, including 1 entities, in source file /nfs/home/sasl/eleves/ei-se/3413954/Bureau/Projet_VHDL_UART_Servo/Source/diviseur_reception.vhd
    Info (12022): Found design unit 1: diviseur_reception-behav
    Info (12023): Found entity 1: diviseur_reception
Info (12021): Found 2 design units, including 1 entities, in source file /nfs/home/sasl/eleves/ei-se/3413954/Bureau/Projet_VHDL_UART_Servo/Source/diviseur_emission.vhd
    Info (12022): Found design unit 1: diviseur_emission-behav
    Info (12023): Found entity 1: diviseur_emission
Info (12021): Found 2 design units, including 1 entities, in source file /nfs/home/sasl/eleves/ei-se/3413954/Bureau/Projet_VHDL_UART_Servo/Source/decoder.vhd
    Info (12022): Found design unit 1: decoder-behav
    Info (12023): Found entity 1: decoder
Info (12021): Found 2 design units, including 1 entities, in source file /nfs/home/sasl/eleves/ei-se/3413954/Bureau/Projet_VHDL_UART_Servo/Source/converter.vhd
    Info (12022): Found design unit 1: converter-behav
    Info (12023): Found entity 1: converter
Info (12127): Elaborating entity "IP" for the top level hierarchy
Warning (10036): Verilog HDL or VHDL warning at IP.vhd(20): object "Tx" assigned a value but never read
Warning (10036): Verilog HDL or VHDL warning at IP.vhd(23): object "Error" assigned a value but never read
Info (12128): Elaborating entity "IPUart" for hierarchy "IPUart:C0"
Info (12128): Elaborating entity "emission" for hierarchy "IPUart:C0|emission:C0"
Info (12128): Elaborating entity "diviseur_emission" for hierarchy "IPUart:C0|emission:C0|diviseur_emission:C0"
Warning (10540): VHDL Signal Declaration warning at diviseur_emission.vhd(12): used explicit default value for signal "div" because signal was never assigned a value
Info (12128): Elaborating entity "MAE_emission" for hierarchy "IPUart:C0|emission:C0|MAE_emission:C1"
Info (12128): Elaborating entity "reception" for hierarchy "IPUart:C0|reception:C1"
Info (12128): Elaborating entity "diviseur_reception" for hierarchy "IPUart:C0|reception:C1|diviseur_reception:C0"
Warning (10540): VHDL Signal Declaration warning at diviseur_reception.vhd(13): used explicit default value for signal "div" because signal was never assigned a value
Info (12128): Elaborating entity "MAE_reception" for hierarchy "IPUart:C0|reception:C1|MAE_reception:C1"
Info (12128): Elaborating entity "decoder" for hierarchy "decoder:C1"
Warning (10036): Verilog HDL or VHDL warning at decoder.vhd(26): object "input_Error" assigned a value but never read
Info (12128): Elaborating entity "FDIV" for hierarchy "decoder:C1|FDIV:C0"
Info (12128): Elaborating entity "MAE_servo" for hierarchy "decoder:C1|MAE_servo:C1"
Info (12128): Elaborating entity "converter" for hierarchy "decoder:C1|converter:C2"
Info (12128): Elaborating entity "SERVO" for hierarchy "decoder:C1|SERVO:C5"
Info (17049): 43 registers lost all their fanouts during netlist optimizations.
Info (16010): Generating hard_block partition "hard_block:auto_generated_inst"
    Info (16011): Adding 0 node(s), including 0 DDIO, 0 PLL, 0 transceiver and 0 LCELL
Warning (21074): Design contains 9 input pin(s) that do not drive logic
    Warning (15610): No output dependent on input pin "input[0]"
    Warning (15610): No output dependent on input pin "input[1]"
    Warning (15610): No output dependent on input pin "input[2]"
    Warning (15610): No output dependent on input pin "input[3]"
    Warning (15610): No output dependent on input pin "input[4]"
    Warning (15610): No output dependent on input pin "input[5]"
    Warning (15610): No output dependent on input pin "input[6]"
    Warning (15610): No output dependent on input pin "input[7]"
    Warning (15610): No output dependent on input pin "go"
Info (21057): Implemented 458 device resources after synthesis - the final resource count might be different
    Info (21058): Implemented 12 input pins
    Info (21059): Implemented 6 output pins
    Info (21061): Implemented 440 logic cells
Info: Quartus II 64-Bit Analysis & Synthesis was successful. 0 errors, 15 warnings
    Info: Peak virtual memory: 644 megabytes
    Info: Processing ended: Tue Apr 24 13:10:23 2018
    Info: Elapsed time: 00:00:04
    Info: Total CPU time (on all processors): 00:00:02


